<?xml version="1.0" encoding="UTF-8"?>
<testsuite name="PrimeCalculatorTest" tests="5" skipped="0" failures="0" errors="0" timestamp="2023-06-27T18:33:35" hostname="ANUSHKA-PC" time="0.319">
  <properties/>
  <testcase name="testUndefinedPrime" classname="PrimeCalculatorTest" time="0.008"/>
  <testcase name="testSixthPrime" classname="PrimeCalculatorTest" time="0.066"/>
  <testcase name="testFirstPrime" classname="PrimeCalculatorTest" time="0.001"/>
  <testcase name="testSecondPrime" classname="PrimeCalculatorTest" time="0.0"/>
  <testcase name="testBigPrime" classname="PrimeCalculatorTest" time="0.242"/>
  <system-out><![CDATA[]]></system-out>
  <system-err><![CDATA[]]></system-err>
</testsuite>
